<?xml version="1.0" encoding="UTF-8"?>
<testng-results skipped="0" failed="0" ignored="0" total="1" passed="1">
  <reporter-output>
  </reporter-output>
  <suite name="Default suite" duration-ms="19456" started-at="2017-11-29T09:48:35Z" finished-at="2017-11-29T09:48:54Z">
    <groups>
    </groups>
    <test name="Default test" duration-ms="19456" started-at="2017-11-29T09:48:35Z" finished-at="2017-11-29T09:48:54Z">
      <class name="p1.C1">
        <test-method status="PASS" signature="haha()[pri:0, instance:p1.C1@e2cbe0]" name="haha" duration-ms="19422" started-at="2017-11-29T15:18:35Z" finished-at="2017-11-29T15:18:54Z">
          <reporter-output>
          </reporter-output>
        </test-method> <!-- haha -->
      </class> <!-- p1.C1 -->
    </test> <!-- Default test -->
  </suite> <!-- Default suite -->
</testng-results>
